<?xml version="1.0" encoding="UTF-8"?>
<!-- Generated by org.testng.reporters.JUnitReportReporter -->
<testsuite hostname="DESKTOP-HH8PPS6" failures="0" tests="1" name="com.TelanaganaRegistarion2" time="61.243" errors="0" timestamp="2023-02-15T14:05:15 IST" skipped="0">
  <testcase classname="com.TelanaganaRegistarion2" name="getEC" time="61.243"/>
  <system-out/>
</testsuite> <!-- com.TelanaganaRegistarion2 -->
