<?xml version="1.0" encoding="UTF-8"?>
<!-- Generated by org.testng.reporters.JUnitReportReporter -->
<testsuite hostname="DESKTOP-HH8PPS6" failures="0" tests="4" name="com.TelanaganaRegistarion2" time="187.693" errors="0" timestamp="2023-08-02T12:31:36 IST" skipped="3">
  <testcase classname="com.TelanaganaRegistarion2" name="getEC" time="25.683">
    <skipped/>
  </testcase> <!-- getEC -->
  <system-out/>
  <testcase classname="com.TelanaganaRegistarion2" name="getEC" time="114.416"/>
  <system-out/>
  <testcase classname="com.TelanaganaRegistarion2" name="getEC" time="23.980">
    <skipped/>
  </testcase> <!-- getEC -->
  <system-out/>
  <testcase classname="com.TelanaganaRegistarion2" name="getEC" time="23.614">
    <skipped/>
  </testcase> <!-- getEC -->
  <system-out/>
</testsuite> <!-- com.TelanaganaRegistarion2 -->
