<?xml version="1.0" encoding="UTF-8"?>
<!-- Generated by org.testng.reporters.JUnitReportReporter -->
<testsuite hostname="DESKTOP-HH8PPS6" failures="0" tests="4" name="com.TelanaganaRegistarion2" time="182.953" errors="0" timestamp="2023-05-03T18:20:22 IST" skipped="3">
  <testcase classname="com.TelanaganaRegistarion2" name="getEC" time="53.711">
    <skipped/>
  </testcase> <!-- getEC -->
  <system-out/>
  <testcase classname="com.TelanaganaRegistarion2" name="getEC" time="62.550"/>
  <system-out/>
  <testcase classname="com.TelanaganaRegistarion2" name="getEC" time="23.224">
    <skipped/>
  </testcase> <!-- getEC -->
  <system-out/>
  <testcase classname="com.TelanaganaRegistarion2" name="getEC" time="43.468">
    <skipped/>
  </testcase> <!-- getEC -->
  <system-out/>
</testsuite> <!-- com.TelanaganaRegistarion2 -->
