<?xml version="1.0" encoding="UTF-8"?>
<!-- Generated by org.testng.reporters.JUnitReportReporter -->
<testsuite hostname="DESKTOP-HH8PPS6" failures="0" tests="2" name="com.TelanaganaRegistarion2" time="76.535" errors="0" timestamp="2023-04-29T20:10:43 IST" skipped="1">
  <testcase classname="com.TelanaganaRegistarion2" name="getEC" time="25.401">
    <skipped/>
  </testcase> <!-- getEC -->
  <system-out/>
  <testcase classname="com.TelanaganaRegistarion2" name="getEC" time="51.134"/>
  <system-out/>
</testsuite> <!-- com.TelanaganaRegistarion2 -->
