<?xml version="1.0" encoding="UTF-8"?>
<!-- Generated by org.testng.reporters.JUnitReportReporter -->
<testsuite hostname="DESKTOP-HH8PPS6" failures="0" tests="1" name="com.TelanaganaRegistarion2" time="73.382" errors="0" timestamp="2023-05-17T18:54:05 IST" skipped="0">
  <testcase classname="com.TelanaganaRegistarion2" name="getEC" time="73.382"/>
  <system-out/>
</testsuite> <!-- com.TelanaganaRegistarion2 -->
