<?xml version="1.0" encoding="UTF-8"?>
<!-- Generated by org.testng.reporters.JUnitReportReporter -->
<testsuite hostname="DESKTOP-HH8PPS6" failures="0" tests="1" name="com.TelanaganaRegistarion3" time="246.074" errors="0" timestamp="2024-04-06T14:22:55 IST" skipped="0">
  <testcase classname="com.TelanaganaRegistarion3" name="getEC" time="246.074"/>
  <system-out/>
</testsuite> <!-- com.TelanaganaRegistarion3 -->
