<?xml version="1.0" encoding="UTF-8"?>
<!-- Generated by org.testng.reporters.JUnitReportReporter -->
<testsuite hostname="DESKTOP-HH8PPS6" failures="0" tests="2" name="com.Firstclass" time="0.012" errors="0" timestamp="2023-02-14T18:04:49 IST" skipped="0">
  <testcase classname="com.Firstclass" name="test1" time="0.010"/>
  <system-out/>
  <testcase classname="com.Firstclass" name="test2" time="0.002"/>
  <system-out/>
</testsuite> <!-- com.Firstclass -->
