<?xml version="1.0" encoding="UTF-8"?>
<!-- Generated by org.testng.reporters.JUnitReportReporter -->
<testsuite hostname="DESKTOP-HH8PPS6" failures="0" tests="4" name="com.TelanaganaRegistarion3" time="255.181" errors="1" timestamp="2023-08-18T17:47:10 IST" skipped="3">
  <testcase classname="com.TelanaganaRegistarion3" name="getEC" time="72.539">
    <error message="" type="com.dropbox.core.InvalidAccessTokenException">
      <![CDATA[com.dropbox.core.InvalidAccessTokenException: 
at com.dropbox.core.DbxRequestUtil.unexpectedStatus(DbxRequestUtil.java:342)
at com.dropbox.core.DbxRequestUtil.unexpectedStatus(DbxRequestUtil.java:324)
at com.dropbox.core.DbxUploader.finish(DbxUploader.java:290)
at com.dropbox.core.DbxUploader.uploadAndFinish(DbxUploader.java:126)
at com.dropbox.core.DbxUploader.uploadAndFinish(DbxUploader.java:96)
at com.dropbox.core.v2.DbxUploadStyleBuilder.uploadAndFinish(DbxUploadStyleBuilder.java:92)
at com.TelanaganaRegistarion3.dropBoxupload(TelanaganaRegistarion3.java:262)
at com.TelanaganaRegistarion3.getEC(TelanaganaRegistarion3.java:128)
at java.base/jdk.internal.reflect.NativeMethodAccessorImpl.invoke0(Native Method)
at java.base/jdk.internal.reflect.NativeMethodAccessorImpl.invoke(NativeMethodAccessorImpl.java:62)
at java.base/jdk.internal.reflect.DelegatingMethodAccessorImpl.invoke(DelegatingMethodAccessorImpl.java:43)
at java.base/java.lang.reflect.Method.invoke(Method.java:566)
at org.testng.internal.invokers.MethodInvocationHelper.invokeMethod(MethodInvocationHelper.java:135)
at org.testng.internal.invokers.TestInvoker.invokeMethod(TestInvoker.java:673)
at org.testng.internal.invokers.TestInvoker.retryFailed(TestInvoker.java:262)
at org.testng.internal.invokers.MethodRunner.runInSequence(MethodRunner.java:62)
at org.testng.internal.invokers.TestInvoker$MethodInvocationAgent.invoke(TestInvoker.java:945)
at org.testng.internal.invokers.TestInvoker.invokeTestMethods(TestInvoker.java:193)
at org.testng.internal.invokers.TestMethodWorker.invokeTestMethods(TestMethodWorker.java:146)
at org.testng.internal.invokers.TestMethodWorker.run(TestMethodWorker.java:128)
at java.base/java.util.ArrayList.forEach(ArrayList.java:1541)
at org.testng.TestRunner.privateRun(TestRunner.java:808)
at org.testng.TestRunner.run(TestRunner.java:603)
at org.testng.SuiteRunner.runTest(SuiteRunner.java:429)
at org.testng.SuiteRunner.runSequentially(SuiteRunner.java:423)
at org.testng.SuiteRunner.privateRun(SuiteRunner.java:383)
at org.testng.SuiteRunner.run(SuiteRunner.java:326)
at org.testng.SuiteRunnerWorker.runSuite(SuiteRunnerWorker.java:52)
at org.testng.SuiteRunnerWorker.run(SuiteRunnerWorker.java:95)
at org.testng.TestNG.runSuitesSequentially(TestNG.java:1249)
at org.testng.TestNG.runSuitesLocally(TestNG.java:1169)
at org.testng.TestNG.runSuites(TestNG.java:1092)
at org.testng.TestNG.run(TestNG.java:1060)
at org.testng.remote.AbstractRemoteTestNG.run(AbstractRemoteTestNG.java:115)
at org.testng.remote.RemoteTestNG.initAndRun(RemoteTestNG.java:251)
at org.testng.remote.RemoteTestNG.main(RemoteTestNG.java:77)
]]>
    </error>
  </testcase> <!-- getEC -->
  <system-out/>
  <testcase classname="com.TelanaganaRegistarion3" name="getEC" time="75.463">
    <skipped/>
  </testcase> <!-- getEC -->
  <system-out/>
  <testcase classname="com.TelanaganaRegistarion3" name="getEC" time="61.404">
    <skipped/>
  </testcase> <!-- getEC -->
  <system-out/>
  <testcase classname="com.TelanaganaRegistarion3" name="getEC" time="45.775">
    <skipped/>
  </testcase> <!-- getEC -->
  <system-out/>
</testsuite> <!-- com.TelanaganaRegistarion3 -->
