<?xml version="1.0" encoding="UTF-8"?>
<!-- Generated by org.testng.reporters.JUnitReportReporter -->
<testsuite hostname="DESKTOP-HH8PPS6" failures="0" tests="2" name="com.TelanaganaRegistarion3" time="120.330" errors="0" timestamp="2023-12-14T21:02:31 IST" skipped="1">
  <testcase classname="com.TelanaganaRegistarion3" name="getEC" time="49.525">
    <skipped/>
  </testcase> <!-- getEC -->
  <system-out/>
  <testcase classname="com.TelanaganaRegistarion3" name="getEC" time="70.805"/>
  <system-out/>
</testsuite> <!-- com.TelanaganaRegistarion3 -->
